 ===========================
  Output from program dusty 
  version: 4.00
 ===========================
  
  Input parameters from file: 
 examples/ivezic97/ivezic97.inp                                                                                                                                                                                                             
* ----------------------------------------------------------------------                                                                                                                                                                                       
* NOTES:                                                                                                                                                                                                                                                       
* This is the input file for the Ivezic 1997 Benchmark                                                                                                                                                                                                         
* ----------------------------------------------------------------------                                                                                                                                                                                       
  Central source spectrum described by
   a single Black Body with temperature     2500.00 K
  Dust temperature on the inner boundary: K
  --------------------------------------------
  density described by 1/r**k with k =  0.0
  relative thickness: 1.000E+03
  --------------------------------------------
  Optical depths at 1.0E+00 microns
  ranging from 1.00E+00 to 1.00E+03
    4 models with logarithmic grid                                                                                                                                                                                                              
   Required Flux accuracy:        5.00%
   Required Temp accuracy:        0.12%
  --------------------------------------------
  --------------------------------------------
          
  RESULTS:
  --------
 ###   tau0   Psi/Psi0 Fi(W/m2)  r1(cm)   r1/rc    theta1   T1(K)    Td(K)    RPr(1)  e(%)                              
 ###     1       2        3        4        5        6        7        8        9      10                               
 ========================================================================================
   1 1.00E+00 1.00E+00 3.15E+04 3.11E+14 8.38E+00 2.32E+00 8.00E+02 4.69E+01 3.68E+06   1
   2 1.00E+01 1.00E+00 3.14E+04 3.12E+14 8.40E+00 2.33E+00 8.00E+02 3.09E+01 3.67E+06   1
   3 1.00E+02 1.05E+00 3.02E+04 3.18E+14 8.57E+00 2.38E+00 8.00E+02 2.44E+01 3.53E+06   5
   4 1.00E+03 1.26E+00 2.50E+04 3.50E+14 9.42E+00 2.61E+00 8.00E+02 2.03E+01 2.92E+06   5
 =====================================
  (1) optical depth at 1.0E+00 microns
  (2) Psi as defined by eq.14 in IE97 with optically thin value Psi0= 2.95E+00
  (3) bolometric flux at the inner radius 
  (4) inner radius for L = 1e4 Lo
  (5) ratio of the inner to the stellar radius
  (6) angular size (in arcsec) when Fbol=1e-6 W/m2
  (7) dust temperature at the inner radius 
  (8) dust temperature at the outer edge
  (9) radiation pressure on inner boundary; see manual for units
 (10) maximum error in flux conservation (Fmax-Fmin)/(Fmax+Fmin)
  ================================================
  Everything is ok for all models.
  Spectra are in files *.s##
  Radial profiles are in files *.r##
  Run-time messages are in files *.m##
 ========== the end ==============================
