 ===========================
  Output from program dusty 
  version: 4.00
 ===========================
  
  Input parameters from file: 
 examples/ivezic97/ivezic97_2.inp                                                                                                                                                                                                           
* ----------------------------------------------------------------------                                                                                                                                                                                       
* NOTES:                                                                                                                                                                                                                                                       
* This is the input file for the Ivezic 1997 Benchmark                                                                                                                                                                                                         
* ----------------------------------------------------------------------                                                                                                                                                                                       
  Central source spectrum described by
   a single Black Body with temperature     2500.00 K
  Dust temperature on the inner boundary:   800.00000000000000       K
  --------------------------------------------
  density described by 1/r**k with k =  2.0
  relative thickness: 1.000E+03
  --------------------------------------------
  Optical depths at 1.0E+00 microns
  ranging from 1.00E+00 to 1.00E+03
    4 models with logarithmic grid                                                                                                                                                                                                              
   Required Flux accuracy:        5.00%
   Required Temp accuracy:        0.12%
  --------------------------------------------
  --------------------------------------------
          
  RESULTS:
  --------
 ###   tau0   Psi/Psi0 Fi(W/m2)  r1(cm)   r1/rc    theta1   T1(K)    Td(K)    RPr(1)  e(%)                              
 ###     1       2        3        4        5        6        7        8        9      10                               
 ========================================================================================
   1 1.00E+00 1.16E+00 2.71E+04 3.36E+14 9.05E+00 2.51E+00 8.00E+02 4.63E+01 3.00E+06   0
   2 1.00E+01 1.82E+00 1.73E+04 4.20E+14 1.13E+01 3.14E+00 8.00E+02 3.38E+01 1.92E+06   1
   3 1.00E+02 4.29E+00 7.34E+03 6.45E+14 1.74E+01 4.82E+00 8.00E+02 2.28E+01 8.14E+05   4
   4 1.00E+03 2.90E+01 1.09E+03 1.68E+15 4.52E+01 1.25E+01 8.00E+02 1.30E+01 1.20E+05   5
 =====================================
  (1) optical depth at 1.0E+00 microns
  (2) Psi as defined by eq.14 in IE97 with optically thin value Psi0= 2.95E+00
  (3) bolometric flux at the inner radius 
  (4) inner radius for L = 1e4 Lo
  (5) ratio of the inner to the stellar radius
  (6) angular size (in arcsec) when Fbol=1e-6 W/m2
  (7) dust temperature at the inner radius 
  (8) dust temperature at the outer edge
  (9) radiation pressure on inner boundary; see manual for units
 (10) maximum error in flux conservation (Fmax-Fmin)/(Fmax+Fmin)
  ================================================
  Everything is ok for all models.
  Spectra are in files *.s##
  Radial profiles are in files *.r##
  Run-time messages are in files *.m##
 ========== the end ==============================
