 ===========================
  Output from program dusty 
  version: 4.00
 ===========================
  
  Input parameters from file: 
 examples/slab2/slab2.inp                                                                                                                                                                                                                   
* ----------------------------------------------------------------------                                                                                                                                                                                       
* NOTES:                                                                                                                                                                                                                                                       
* Sample input file (slab2.inp)                                                                                                                                                                                                                                
* isotropic input on both sides                                                                                                                                                                                                                                
* ISM-OHM dust grain properties                                                                                                                                                                                                                                
* ----------------------------------------------------------------------                                                                                                                                                                                       
  Left-side source spectrum described by
     Spectrum supplied from file (lambda_F_lambda):
    examples/slab2/slab2.spec                                                                                                                                                                                                                  
  Calculation in planar geometry:
   Isotropic illumination from the left.
  Right-side source spectrum described by
     Spectrum supplied from file (lambda_F_lambda):
    examples/slab2/slab2.spec                                                                                                                                                                                                                  
  Isotropic illumination from the right.
  Relative bol.flux fraction of right source: R = 1.00
  --------------------------------------------
  Optical depth at 5.5E-01 microns: 1.00E+01
   Required Flux accuracy:       10.00%
   Required Temp accuracy:        0.24%
  --------------------------------------------
  --------------------------------------------
          
  RESULTS:
  --------
 ###    Tau0    Psi/Psi0     FiL      FiR       FbolL    FbolR     r1(cm)    TdL(K)    TdR(K)    RPr(1)   e(%)          
 ###      1        2          3        4          5        6         7          8         9       10      11            
 =============================================================================================================
   1  1.00E+01  1.26E+00  2.14E+03  2.14E+03 -2.26E+03  2.26E+03  5.98E+14  7.22E+02  7.22E+02  2.22E+05  5
 =====================================
  (1) optical depth at 5.5E-01 microns
  (2) Psi as defined by eq.14 in IE97 with optically thin value Psi0= 5.71E+00
  (3) input bol.flux (in W/m2) of the left-side source at the left slab boundary
  (4) input bol.flux (in W/m2) of the right-side source at the right slab boundary
  (5) bolometric flux (in W/m2) at the left slab boundary
  (6) bolometric flux (in W/m2) at the right slab boundary
  (7) position of the left slab boundary for L = 1e4 Lo
  (8) dust temperature at the left slab boundary
  (9) dust temperature at the right slab boundary
  (10) radiation pressure on left boundary; see manual for units
  (11) maximum error in flux conservation (Fmax-Fmin)/(Fmax+Fmin)
  ================================================
  Everything is ok for all models.
  All spectra are in file *.stb
  Radial profiles are in files *.r##
  Run-time messages are in files *.m##
 ========== the end ==============================
