\BOOKMARK [1][-]{section.1}{Introduction}{}
\BOOKMARK [2][-]{subsection.1.1}{Major Changes}{section.1}
\BOOKMARK [1][-]{section.2}{Installation}{}
\BOOKMARK [2][-]{subsection.2.1}{Numerical Test}{section.2}
\BOOKMARK [1][-]{section.3}{Launching DUSTY}{}
\BOOKMARK [2][-]{subsection.3.1}{Optional Arguments}{section.3}
\BOOKMARK [1][-]{section.4}{Input}{}
\BOOKMARK [2][-]{subsection.4.1}{Geometry}{section.4}
\BOOKMARK [3][-]{subsubsection.4.1.1}{Analytical Profiles}{subsection.4.1}
\BOOKMARK [3][-]{subsubsection.4.1.2}{Radiatively Driven Winds}{subsection.4.1}
\BOOKMARK [3][-]{subsubsection.4.1.3}{Tabulated Profiles}{subsection.4.1}
\BOOKMARK [2][-]{subsection.4.2}{External Radiation}{section.4}
\BOOKMARK [3][-]{subsubsection.4.2.1}{Spectral Shape of External Radiation}{subsection.4.2}
\BOOKMARK [3][-]{subsubsection.4.2.2}{Input Radiation Strength}{subsection.4.2}
\BOOKMARK [2][-]{subsection.4.3}{Dust Properties}{section.4}
\BOOKMARK [3][-]{subsubsection.4.3.1}{Chemical Composition}{subsection.4.3}
\BOOKMARK [3][-]{subsubsection.4.3.2}{Sublimation temperature}{subsection.4.3}
\BOOKMARK [3][-]{subsubsection.4.3.3}{Grain Size Distribution}{subsection.4.3}
\BOOKMARK [2][-]{subsection.4.4}{Optical Depth}{section.4}
\BOOKMARK [2][-]{subsection.4.5}{Numerical Accuracy and Internal Bounds}{section.4}
\BOOKMARK [2][-]{subsection.4.6}{Output Control}{section.4}
\BOOKMARK [1][-]{section.5}{Output: Sphere}{}
\BOOKMARK [2][-]{subsection.5.1}{Default Output for Sphere}{section.5}
\BOOKMARK [2][-]{subsection.5.2}{Optional Output for Sphere}{section.5}
\BOOKMARK [3][-]{subsubsection.5.2.1}{Detailed spectra for each model}{subsection.5.2}
\BOOKMARK [3][-]{subsubsection.5.2.2}{Images at specified wavelengths}{subsection.5.2}
\BOOKMARK [3][-]{subsubsection.5.2.3}{Radial profiles for each model}{subsection.5.2}
\BOOKMARK [3][-]{subsubsection.5.2.4}{Detailed Run-time messages}{subsection.5.2}
\BOOKMARK [1][-]{section.6}{Output: Slab}{}
\BOOKMARK [2][-]{subsection.6.1}{Default Output for Slab}{section.6}
\BOOKMARK [2][-]{subsection.6.2}{Optional Output for Slab}{section.6}
\BOOKMARK [3][-]{subsubsection.6.2.1}{Detailed spectra for each model }{subsection.6.2}
\BOOKMARK [3][-]{subsubsection.6.2.2}{Intensities for each model }{subsection.6.2}
\BOOKMARK [3][-]{subsubsection.6.2.3}{Spatial Profiles}{subsection.6.2}
\BOOKMARK [3][-]{subsubsection.6.2.4}{Detailed Run-time messages}{subsection.6.2}
\BOOKMARK [1][-]{section.7}{User Control of DUSTY}{}
\BOOKMARK [2][-]{subsection.7.1}{Array Sizes for Spatial Grid}{section.7}
\BOOKMARK [2][-]{subsection.7.2}{Wavelength Grid}{section.7}
\BOOKMARK [1][-]{subsection.7.2}{Appendices}{}
\BOOKMARK [1][-]{appendix.A}{Output Summary}{}
\BOOKMARK [1][-]{appendix.B}{Pitfalls, Real and Imaginary}{}
\BOOKMARK [1][-]{appendix.C}{Sample Output File: sphere1.out}{}
\BOOKMARK [1][-]{appendix.D}{Sample Output File: slab1.out}{}
\BOOKMARK [1][-]{appendix.E}{Library of Optical Constants}{}
